<?xml version="1.0" encoding="UTF-8"?>
<!-- Generated by org.testng.reporters.JUnitXMLReporter -->
<testsuite hostname="lenovo-PC" ignored="0" name="Default test" tests="5" failures="0" timestamp="21 May 2019 08:46:22 GMT" time="98.815" errors="0">
  <testcase name="verify_launch" time="12.041" classname="com.library.com.RanFordBank.TestExecution"/>
  <testcase name="verify_login_Tc" time="3.264" classname="com.library.com.RanFordBank.TestExecution"/>
  <testcase name="verify_Branches_Tc" time="1.017" classname="com.library.com.RanFordBank.TestExecution"/>
  <testcase name="verify_branch_creation_Tc" time="12.811" classname="com.library.com.RanFordBank.TestExecution"/>
  <testcase name="verify_branch_search_Tc" time="68.551" classname="com.library.com.RanFordBank.TestExecution"/>
</testsuite> <!-- Default test -->
